La génération a démarré 23/11/2015 01:57:00.
     1>Projet "C:\Users\dewael_a\Documents\RType\server\Server\Server.vcxproj" sur le nœud 2 (Build cible(s)).
     1>ClCompile:
         C:\Program Files (x86)\Microsoft Visual Studio 14.0\VC\bin\x86_amd64\CL.exe /c /ZI /nologo /W3 /WX- /sdl /Od /D _MBCS /Gm /EHsc /RTC1 /MDd /GS /fp:precise /Zc:wchar_t /Zc:forScope /Zc:inline /Fo"x64\Debug\\" /Fd"x64\Debug\vc140.pdb" /Gd /TP /errorReport:prompt WSocket.cpp
         WSocket.cpp
     1>c:\users\dewael_a\documents\rtype\server\server\wsocket.cpp(93): warning C4244: 'argument' : conversion de 'SOCKET' en 'const int', perte possible de données
     1>c:\users\dewael_a\documents\rtype\server\server\wsocket.cpp(123): warning C4244: 'argument' : conversion de 'SOCKET' en 'int', perte possible de données
     1>c:\users\dewael_a\documents\rtype\server\server\wsocket.cpp(227): warning C4267: 'argument' : conversion de 'size_t' en 'int', perte possible de données
     1>c:\users\dewael_a\documents\rtype\server\server\wsocket.cpp(237): warning C4267: 'argument' : conversion de 'size_t' en 'int', perte possible de données
     1>c:\users\dewael_a\documents\rtype\server\server\wsocket.cpp(246): warning C4267: 'argument' : conversion de 'size_t' en 'int', perte possible de données
     1>c:\users\dewael_a\documents\rtype\server\server\wsocket.cpp(255): warning C4267: 'argument' : conversion de 'size_t' en 'int', perte possible de données
     1>c:\users\dewael_a\documents\rtype\server\server\wsocket.cpp(264): warning C4267: 'argument' : conversion de 'size_t' en 'int', perte possible de données
       Link:
         C:\Program Files (x86)\Microsoft Visual Studio 14.0\VC\bin\x86_amd64\link.exe /ERRORREPORT:PROMPT /OUT:"C:\Users\dewael_a\Documents\RType\server\x64\Debug\Server.exe" /INCREMENTAL /NOLOGO kernel32.lib user32.lib gdi32.lib winspool.lib comdlg32.lib advapi32.lib shell32.lib ole32.lib oleaut32.lib uuid.lib odbc32.lib odbccp32.lib /MANIFEST /MANIFESTUAC:"level='asInvoker' uiAccess='false'" /manifest:embed /Debug /PDB:"C:\Users\dewael_a\Documents\RType\server\x64\Debug\Server.pdb" /TLBID:1 /DYNAMICBASE /NXCOMPAT /IMPLIB:"C:\Users\dewael_a\Documents\RType\server\x64\Debug\Server.lib" /MACHINE:X64 x64\Debug\main.obj
         x64\Debug\Protocole.obj
         x64\Debug\WSocket.obj
         Server.vcxproj -> C:\Users\dewael_a\Documents\RType\server\x64\Debug\Server.exe
     1>Génération du projet "C:\Users\dewael_a\Documents\RType\server\Server\Server.vcxproj" terminée (Build cible(s)).

La génération a réussi.

Temps écoulé 00:00:02.60
